/*C22*/SET SCHEMA PUBLIC
create table meters (id bigint not null, serial_number varchar(255) not null, type varchar(255) not null check (type in ('COLD_WATER','HOT_WATER','GAS')), user_id bigint not null, primary key (id))
create table users (id bigint not null, password varchar(255) not null, username varchar(255) not null, primary key (id))
alter table meters add constraint UKmts2vgikru1xlrxmt4rjtrl0g unique (serial_number)
alter table users add constraint UKr43af9ap4edm43mmtq01oddj6 unique (username)
create sequence meters_seq start with 1 increment by 50
create sequence users_seq start with 1 increment by 50
alter table meters add constraint FKk8o0x8ij2anyv062e3bmwbcfj foreign key (user_id) references users
DISCONNECT
/*C23*/SET SCHEMA PUBLIC
DISCONNECT
/*C24*/SET SCHEMA PUBLIC
DISCONNECT
/*C25*/SET SCHEMA PUBLIC
DISCONNECT
/*C26*/SET SCHEMA PUBLIC
DISCONNECT
/*C27*/SET SCHEMA PUBLIC
DISCONNECT
/*C28*/SET SCHEMA PUBLIC
DISCONNECT
/*C29*/SET SCHEMA PUBLIC
DISCONNECT
/*C30*/SET SCHEMA PUBLIC
DISCONNECT
/*C31*/SET SCHEMA PUBLIC
DISCONNECT
